{"numFailedTestSuites":2,"numFailedTests":2,"numPassedTestSuites":11,"numPassedTests":54,"numPendingTestSuites":0,"numPendingTests":0,"numRuntimeErrorTestSuites":0,"numTodoTests":0,"numTotalTestSuites":13,"numTotalTests":56,"openHandles":[],"snapshot":{"added":0,"didUpdate":false,"failure":false,"filesAdded":0,"filesRemoved":0,"filesRemovedList":[],"filesUnmatched":0,"filesUpdated":0,"matched":0,"total":0,"unchecked":0,"uncheckedKeysByFile":[],"unmatched":0,"updated":0},"startTime":1743544912739,"success":false,"testResults":[{"assertionResults":[{"ancestorTitles":["Auth Service","Sign In"],"duration":26,"failureDetails":[],"failureMessages":[],"fullName":"Auth Service Sign In should call Supabase signInWithPassword with correct credentials","invocations":1,"location":null,"numPassingAsserts":3,"retryReasons":[],"status":"passed","title":"should call Supabase signInWithPassword with correct credentials"},{"ancestorTitles":["Auth Service","Sign In"],"duration":1,"failureDetails":[],"failureMessages":[],"fullName":"Auth Service Sign In should handle sign in errors","invocations":1,"location":null,"numPassingAsserts":2,"retryReasons":[],"status":"passed","title":"should handle sign in errors"},{"ancestorTitles":["Auth Service","Sign Up"],"duration":3,"failureDetails":[],"failureMessages":[],"fullName":"Auth Service Sign Up should call Supabase signUp with correct credentials","invocations":1,"location":null,"numPassingAsserts":3,"retryReasons":[],"status":"passed","title":"should call Supabase signUp with correct credentials"},{"ancestorTitles":["Auth Service","Sign Up"],"duration":2,"failureDetails":[],"failureMessages":[],"fullName":"Auth Service Sign Up should handle sign up errors","invocations":1,"location":null,"numPassingAsserts":2,"retryReasons":[],"status":"passed","title":"should handle sign up errors"},{"ancestorTitles":["Auth Service","Reset Password"],"duration":2,"failureDetails":[],"failureMessages":[],"fullName":"Auth Service Reset Password should call Supabase resetPasswordForEmail with correct email","invocations":1,"location":null,"numPassingAsserts":2,"retryReasons":[],"status":"passed","title":"should call Supabase resetPasswordForEmail with correct email"},{"ancestorTitles":["Auth Service","Reset Password"],"duration":1,"failureDetails":[],"failureMessages":[],"fullName":"Auth Service Reset Password should handle password reset errors","invocations":1,"location":null,"numPassingAsserts":2,"retryReasons":[],"status":"passed","title":"should handle password reset errors"},{"ancestorTitles":["Auth Service","Sign Out"],"duration":1,"failureDetails":[],"failureMessages":[],"fullName":"Auth Service Sign Out should call Supabase signOut","invocations":1,"location":null,"numPassingAsserts":2,"retryReasons":[],"status":"passed","title":"should call Supabase signOut"},{"ancestorTitles":["Auth Service","Get Session"],"duration":1,"failureDetails":[],"failureMessages":[],"fullName":"Auth Service Get Session should call Supabase getSession","invocations":1,"location":null,"numPassingAsserts":3,"retryReasons":[],"status":"passed","title":"should call Supabase getSession"},{"ancestorTitles":["Auth Service","Get Session"],"duration":2,"failureDetails":[],"failureMessages":[],"fullName":"Auth Service Get Session should handle getSession errors","invocations":1,"location":null,"numPassingAsserts":2,"retryReasons":[],"status":"passed","title":"should handle getSession errors"}],"endTime":1743544917264,"message":"","name":"C:\\Users\\rob\\Documents\\Software\\SaaS\\MapLeads\\MapLeads-Wv1\\__tests__\\auth-service.test.ts","startTime":1743544913485,"status":"passed","summary":""},{"assertionResults":[{"ancestorTitles":["Supabase Authentication Integration","Sign Up"],"duration":29,"failureDetails":[],"failureMessages":[],"fullName":"Supabase Authentication Integration Sign Up should successfully sign up a new user","invocations":1,"location":null,"numPassingAsserts":4,"retryReasons":[],"status":"passed","title":"should successfully sign up a new user"},{"ancestorTitles":["Supabase Authentication Integration","Sign Up"],"duration":1,"failureDetails":[],"failureMessages":[],"fullName":"Supabase Authentication Integration Sign Up should handle sign up errors","invocations":1,"location":null,"numPassingAsserts":2,"retryReasons":[],"status":"passed","title":"should handle sign up errors"},{"ancestorTitles":["Supabase Authentication Integration","Sign In"],"duration":3,"failureDetails":[],"failureMessages":[],"fullName":"Supabase Authentication Integration Sign In should successfully sign in a user","invocations":1,"location":null,"numPassingAsserts":5,"retryReasons":[],"status":"passed","title":"should successfully sign in a user"},{"ancestorTitles":["Supabase Authentication Integration","Sign In"],"duration":2,"failureDetails":[],"failureMessages":[],"fullName":"Supabase Authentication Integration Sign In should handle sign in errors","invocations":1,"location":null,"numPassingAsserts":2,"retryReasons":[],"status":"passed","title":"should handle sign in errors"},{"ancestorTitles":["Supabase Authentication Integration","Password Reset"],"duration":2,"failureDetails":[],"failureMessages":[],"fullName":"Supabase Authentication Integration Password Reset should successfully send a password reset email","invocations":1,"location":null,"numPassingAsserts":2,"retryReasons":[],"status":"passed","title":"should successfully send a password reset email"},{"ancestorTitles":["Supabase Authentication Integration","Password Reset"],"duration":2,"failureDetails":[],"failureMessages":[],"fullName":"Supabase Authentication Integration Password Reset should handle password reset errors","invocations":1,"location":null,"numPassingAsserts":2,"retryReasons":[],"status":"passed","title":"should handle password reset errors"},{"ancestorTitles":["Supabase Authentication Integration","Sign Out"],"duration":2,"failureDetails":[],"failureMessages":[],"fullName":"Supabase Authentication Integration Sign Out should successfully sign out a user","invocations":1,"location":null,"numPassingAsserts":2,"retryReasons":[],"status":"passed","title":"should successfully sign out a user"}],"endTime":1743544917358,"message":"","name":"C:\\Users\\rob\\Documents\\Software\\SaaS\\MapLeads\\MapLeads-Wv1\\__tests__\\auth-integration.test.ts","startTime":1743544913473,"status":"passed","summary":""},{"assertionResults":[{"ancestorTitles":["Auth Middleware"],"duration":22,"failureDetails":[],"failureMessages":[],"fullName":"Auth Middleware allows access to protected routes when authenticated","invocations":1,"location":null,"numPassingAsserts":2,"retryReasons":[],"status":"passed","title":"allows access to protected routes when authenticated"},{"ancestorTitles":["Auth Middleware"],"duration":10,"failureDetails":[{"matcherResult":{"message":"expect(received).toContain(expected) // indexOf\n\nExpected value:  \"/login?redirectTo=%2Fdashboard\"\nReceived object: \"http://localhost:3000/login?redirectTo=%2Fdashboard\"","pass":false}}],"failureMessages":["Error: expect(received).toContain(expected) // indexOf\n\nExpected value:  \"/login?redirectTo=%2Fdashboard\"\nReceived object: \"http://localhost:3000/login?redirectTo=%2Fdashboard\"\n    at Object.toContain (C:\\Users\\rob\\Documents\\Software\\SaaS\\MapLeads\\MapLeads-Wv1\\__tests__\\middleware.test.ts:71:26)\n    at processTicksAndRejections (node:internal/process/task_queues:105:5)"],"fullName":"Auth Middleware redirects to login when accessing protected routes without authentication","invocations":1,"location":null,"numPassingAsserts":1,"retryReasons":[],"status":"failed","title":"redirects to login when accessing protected routes without authentication"},{"ancestorTitles":["Auth Middleware"],"duration":11,"failureDetails":[],"failureMessages":[],"fullName":"Auth Middleware allows access to public routes without authentication","invocations":1,"location":null,"numPassingAsserts":2,"retryReasons":[],"status":"passed","title":"allows access to public routes without authentication"},{"ancestorTitles":["Auth Middleware"],"duration":15,"failureDetails":[],"failureMessages":[],"fullName":"Auth Middleware handles Supabase errors gracefully","invocations":1,"location":null,"numPassingAsserts":1,"retryReasons":[],"status":"passed","title":"handles Supabase errors gracefully"}],"endTime":1743544919577,"message":"  ΓùÅ Auth Middleware ΓÇ║ redirects to login when accessing protected routes without authentication\n\n    expect(received).toContain(expected) // indexOf\n\n    Expected value:  \"/login?redirectTo=%2Fdashboard\"\n    Received object: \"http://localhost:3000/login?redirectTo=%2Fdashboard\"\n\n    \u001b[0m \u001b[90m 69 |\u001b[39m     expect(\u001b[33mNextResponse\u001b[39m\u001b[33m.\u001b[39mredirect)\u001b[33m.\u001b[39mtoHaveBeenCalled()\u001b[33m;\u001b[39m\n     \u001b[90m 70 |\u001b[39m     \u001b[36mconst\u001b[39m redirectCall \u001b[33m=\u001b[39m (\u001b[33mNextResponse\u001b[39m\u001b[33m.\u001b[39mredirect \u001b[36mas\u001b[39m jest\u001b[33m.\u001b[39m\u001b[33mMock\u001b[39m)\u001b[33m.\u001b[39mmock\u001b[33m.\u001b[39mcalls[\u001b[35m0\u001b[39m][\u001b[35m0\u001b[39m]\u001b[33m;\u001b[39m\n    \u001b[31m\u001b[1m>\u001b[22m\u001b[39m\u001b[90m 71 |\u001b[39m     expect(redirectCall)\u001b[33m.\u001b[39mtoContain(\u001b[32m'/login?redirectTo=%2Fdashboard'\u001b[39m)\u001b[33m;\u001b[39m\n     \u001b[90m    |\u001b[39m                          \u001b[31m\u001b[1m^\u001b[22m\u001b[39m\n     \u001b[90m 72 |\u001b[39m   })\n     \u001b[90m 73 |\u001b[39m   \n     \u001b[90m 74 |\u001b[39m   test(\u001b[32m'allows access to public routes without authentication'\u001b[39m\u001b[33m,\u001b[39m \u001b[36masync\u001b[39m () \u001b[33m=>\u001b[39m {\u001b[0m\n\n      at Object.toContain (__tests__/middleware.test.ts:71:26)\n","name":"C:\\Users\\rob\\Documents\\Software\\SaaS\\MapLeads\\MapLeads-Wv1\\__tests__\\middleware.test.ts","startTime":1743544915608,"status":"failed","summary":""},{"assertionResults":[{"ancestorTitles":["ProtectedRoute"],"duration":150,"failureDetails":[],"failureMessages":[],"fullName":"ProtectedRoute renders loading spinner when authentication is loading","invocations":1,"location":null,"numPassingAsserts":3,"retryReasons":[],"status":"passed","title":"renders loading spinner when authentication is loading"},{"ancestorTitles":["ProtectedRoute"],"duration":38,"failureDetails":[],"failureMessages":[],"fullName":"ProtectedRoute redirects to login when user is not authenticated","invocations":1,"location":null,"numPassingAsserts":3,"retryReasons":[],"status":"passed","title":"redirects to login when user is not authenticated"},{"ancestorTitles":["ProtectedRoute"],"duration":15,"failureDetails":[],"failureMessages":[],"fullName":"ProtectedRoute renders children when user is authenticated","invocations":1,"location":null,"numPassingAsserts":2,"retryReasons":[],"status":"passed","title":"renders children when user is authenticated"}],"endTime":1743544920376,"message":"","name":"C:\\Users\\rob\\Documents\\Software\\SaaS\\MapLeads\\MapLeads-Wv1\\__tests__\\protected-routes.test.tsx","startTime":1743544915618,"status":"passed","summary":""},{"assertionResults":[{"ancestorTitles":["useAuth hook"],"duration":141,"failureDetails":[],"failureMessages":[],"fullName":"useAuth hook should initialize with no user and loading state","invocations":1,"location":null,"numPassingAsserts":4,"retryReasons":[],"status":"passed","title":"should initialize with no user and loading state"},{"ancestorTitles":["useAuth hook"],"duration":90,"failureDetails":[],"failureMessages":[],"fullName":"useAuth hook should sign in user successfully","invocations":1,"location":null,"numPassingAsserts":3,"retryReasons":[],"status":"passed","title":"should sign in user successfully"},{"ancestorTitles":["useAuth hook"],"duration":79,"failureDetails":[],"failureMessages":[],"fullName":"useAuth hook should handle sign in error","invocations":1,"location":null,"numPassingAsserts":2,"retryReasons":[],"status":"passed","title":"should handle sign in error"},{"ancestorTitles":["useAuth hook"],"duration":75,"failureDetails":[],"failureMessages":[],"fullName":"useAuth hook should sign up user successfully","invocations":1,"location":null,"numPassingAsserts":3,"retryReasons":[],"status":"passed","title":"should sign up user successfully"},{"ancestorTitles":["useAuth hook"],"duration":78,"failureDetails":[],"failureMessages":[],"fullName":"useAuth hook should reset password successfully","invocations":1,"location":null,"numPassingAsserts":3,"retryReasons":[],"status":"passed","title":"should reset password successfully"},{"ancestorTitles":["useAuth hook"],"duration":75,"failureDetails":[],"failureMessages":[],"fullName":"useAuth hook should sign out user successfully","invocations":1,"location":null,"numPassingAsserts":2,"retryReasons":[],"status":"passed","title":"should sign out user successfully"}],"endTime":1743544920835,"message":"","name":"C:\\Users\\rob\\Documents\\Software\\SaaS\\MapLeads\\MapLeads-Wv1\\__tests__\\hooks\\use-auth.test.tsx","startTime":1743544915646,"status":"passed","summary":""},{"assertionResults":[{"ancestorTitles":["Authentication Flow"],"duration":201,"failureDetails":[],"failureMessages":[],"fullName":"Authentication Flow Login page renders correctly","invocations":1,"location":null,"numPassingAsserts":3,"retryReasons":[],"status":"passed","title":"Login page renders correctly"},{"ancestorTitles":["Authentication Flow"],"duration":43,"failureDetails":[],"failureMessages":[],"fullName":"Authentication Flow Register page renders correctly","invocations":1,"location":null,"numPassingAsserts":2,"retryReasons":[],"status":"passed","title":"Register page renders correctly"},{"ancestorTitles":["Authentication Flow"],"duration":30,"failureDetails":[],"failureMessages":[],"fullName":"Authentication Flow Forgot password page renders correctly","invocations":1,"location":null,"numPassingAsserts":2,"retryReasons":[],"status":"passed","title":"Forgot password page renders correctly"},{"ancestorTitles":["Authentication Flow"],"duration":118,"failureDetails":[],"failureMessages":[],"fullName":"Authentication Flow Logout button renders correctly","invocations":1,"location":null,"numPassingAsserts":1,"retryReasons":[],"status":"passed","title":"Logout button renders correctly"}],"endTime":1743544921170,"message":"","name":"C:\\Users\\rob\\Documents\\Software\\SaaS\\MapLeads\\MapLeads-Wv1\\__tests__\\auth-flow.test.tsx","startTime":1743544915698,"status":"passed","summary":""},{"assertionResults":[{"ancestorTitles":["LogoutButton"],"duration":239,"failureDetails":[],"failureMessages":[],"fullName":"LogoutButton renders logout button correctly","invocations":1,"location":null,"numPassingAsserts":1,"retryReasons":[],"status":"passed","title":"renders logout button correctly"},{"ancestorTitles":["LogoutButton"],"duration":106,"failureDetails":[],"failureMessages":[],"fullName":"LogoutButton calls signOut when clicked","invocations":1,"location":null,"numPassingAsserts":2,"retryReasons":[],"status":"passed","title":"calls signOut when clicked"},{"ancestorTitles":["LogoutButton"],"duration":120,"failureDetails":[],"failureMessages":[],"fullName":"LogoutButton handles sign out error","invocations":1,"location":null,"numPassingAsserts":2,"retryReasons":[],"status":"passed","title":"handles sign out error"},{"ancestorTitles":["LogoutButton"],"duration":92,"failureDetails":[],"failureMessages":[],"fullName":"LogoutButton disables button during sign out process","invocations":1,"location":null,"numPassingAsserts":3,"retryReasons":[],"status":"passed","title":"disables button during sign out process"}],"endTime":1743544921258,"message":"","name":"C:\\Users\\rob\\Documents\\Software\\SaaS\\MapLeads\\MapLeads-Wv1\\__tests__\\components\\logout-button.test.tsx","startTime":1743544915644,"status":"passed","summary":""},{"assertionResults":[{"ancestorTitles":["Protected Routes Integration"],"duration":79,"failureDetails":[],"failureMessages":[],"fullName":"Protected Routes Integration unauthenticated user is redirected from protected route to login","invocations":1,"location":null,"numPassingAsserts":1,"retryReasons":[],"status":"passed","title":"unauthenticated user is redirected from protected route to login"},{"ancestorTitles":["Protected Routes Integration"],"duration":381,"failureDetails":[],"failureMessages":[],"fullName":"Protected Routes Integration login page handles redirectTo parameter after successful authentication","invocations":1,"location":null,"numPassingAsserts":2,"retryReasons":[],"status":"passed","title":"login page handles redirectTo parameter after successful authentication"},{"ancestorTitles":["Protected Routes Integration"],"duration":9,"failureDetails":[],"failureMessages":[],"fullName":"Protected Routes Integration authenticated user can access protected content","invocations":1,"location":null,"numPassingAsserts":2,"retryReasons":[],"status":"passed","title":"authenticated user can access protected content"},{"ancestorTitles":["Protected Routes Integration"],"duration":13,"failureDetails":[],"failureMessages":[],"fullName":"Protected Routes Integration shows loading state while checking authentication","invocations":1,"location":null,"numPassingAsserts":3,"retryReasons":[],"status":"passed","title":"shows loading state while checking authentication"}],"endTime":1743544921276,"message":"","name":"C:\\Users\\rob\\Documents\\Software\\SaaS\\MapLeads\\MapLeads-Wv1\\__tests__\\protected-routes-integration.test.tsx","startTime":1743544915656,"status":"passed","summary":""},{"assertionResults":[{"ancestorTitles":["Route Structure"],"duration":20,"failureDetails":[],"failureMessages":[],"fullName":"Route Structure old routes are properly linked to protected routes","invocations":1,"location":null,"numPassingAsserts":10,"retryReasons":[],"status":"passed","title":"old routes are properly linked to protected routes"},{"ancestorTitles":["Route Structure"],"duration":3,"failureDetails":[],"failureMessages":[],"fullName":"Route Structure protected route structure is properly organized","invocations":1,"location":null,"numPassingAsserts":5,"retryReasons":[],"status":"passed","title":"protected route structure is properly organized"}],"endTime":1743544921506,"message":"","name":"C:\\Users\\rob\\Documents\\Software\\SaaS\\MapLeads\\MapLeads-Wv1\\__tests__\\route-structure.test.tsx","startTime":1743544915646,"status":"passed","summary":""},{"assertionResults":[{"ancestorTitles":["ForgotPasswordPage"],"duration":267,"failureDetails":[],"failureMessages":[],"fullName":"ForgotPasswordPage renders forgot password form correctly","invocations":1,"location":null,"numPassingAsserts":3,"retryReasons":[],"status":"passed","title":"renders forgot password form correctly"},{"ancestorTitles":["ForgotPasswordPage"],"duration":517,"failureDetails":[],"failureMessages":[],"fullName":"ForgotPasswordPage submits form with valid email and resets password successfully","invocations":1,"location":null,"numPassingAsserts":2,"retryReasons":[],"status":"passed","title":"submits form with valid email and resets password successfully"},{"ancestorTitles":["ForgotPasswordPage"],"duration":562,"failureDetails":[],"failureMessages":[],"fullName":"ForgotPasswordPage handles password reset error","invocations":1,"location":null,"numPassingAsserts":2,"retryReasons":[],"status":"passed","title":"handles password reset error"},{"ancestorTitles":["ForgotPasswordPage"],"duration":16,"failureDetails":[],"failureMessages":[],"fullName":"ForgotPasswordPage navigates back to login page","invocations":1,"location":null,"numPassingAsserts":1,"retryReasons":[],"status":"passed","title":"navigates back to login page"}],"endTime":1743544922145,"message":"","name":"C:\\Users\\rob\\Documents\\Software\\SaaS\\MapLeads\\MapLeads-Wv1\\__tests__\\components\\pages\\forgot-password-page.test.tsx","startTime":1743544915633,"status":"passed","summary":""},{"assertionResults":[{"ancestorTitles":["LoginPage"],"duration":324,"failureDetails":[],"failureMessages":[],"fullName":"LoginPage renders login form correctly","invocations":1,"location":null,"numPassingAsserts":3,"retryReasons":[],"status":"passed","title":"renders login form correctly"},{"ancestorTitles":["LoginPage"],"duration":816,"failureDetails":[],"failureMessages":[],"fullName":"LoginPage submits form with valid data and signs in successfully","invocations":1,"location":null,"numPassingAsserts":2,"retryReasons":[],"status":"passed","title":"submits form with valid data and signs in successfully"},{"ancestorTitles":["LoginPage"],"duration":781,"failureDetails":[],"failureMessages":[],"fullName":"LoginPage handles sign in error","invocations":1,"location":null,"numPassingAsserts":3,"retryReasons":[],"status":"passed","title":"handles sign in error"},{"ancestorTitles":["LoginPage"],"duration":24,"failureDetails":[],"failureMessages":[],"fullName":"LoginPage navigates to forgot password page","invocations":1,"location":null,"numPassingAsserts":1,"retryReasons":[],"status":"passed","title":"navigates to forgot password page"},{"ancestorTitles":["LoginPage"],"duration":22,"failureDetails":[],"failureMessages":[],"fullName":"LoginPage navigates to register page","invocations":1,"location":null,"numPassingAsserts":1,"retryReasons":[],"status":"passed","title":"navigates to register page"}],"endTime":1743544922927,"message":"","name":"C:\\Users\\rob\\Documents\\Software\\SaaS\\MapLeads\\MapLeads-Wv1\\__tests__\\components\\pages\\login-page.test.tsx","startTime":1743544915674,"status":"passed","summary":""},{"assertionResults":[{"ancestorTitles":["RegisterPage"],"duration":418,"failureDetails":[],"failureMessages":[],"fullName":"RegisterPage renders registration form correctly","invocations":1,"location":null,"numPassingAsserts":7,"retryReasons":[],"status":"passed","title":"renders registration form correctly"},{"ancestorTitles":["RegisterPage"],"duration":1455,"failureDetails":[],"failureMessages":[],"fullName":"RegisterPage submits form with valid data and registers successfully","invocations":1,"location":null,"numPassingAsserts":3,"retryReasons":[],"status":"passed","title":"submits form with valid data and registers successfully"},{"ancestorTitles":["RegisterPage"],"duration":1428,"failureDetails":[],"failureMessages":[],"fullName":"RegisterPage handles registration error","invocations":1,"location":null,"numPassingAsserts":3,"retryReasons":[],"status":"passed","title":"handles registration error"}],"endTime":1743544924279,"message":"","name":"C:\\Users\\rob\\Documents\\Software\\SaaS\\MapLeads\\MapLeads-Wv1\\__tests__\\components\\pages\\register-page.test.tsx","startTime":1743544915652,"status":"passed","summary":""},{"assertionResults":[{"ancestorTitles":["Auth Context"],"duration":10020,"failureDetails":[{"message":"thrown: \"Exceeded timeout of 10000 ms for a test.\nAdd a timeout value to this test to increase the timeout, if this is a long-running test. See https://jestjs.io/docs/api#testname-fn-timeout.\""}],"failureMessages":["Error: thrown: \"Exceeded timeout of 10000 ms for a test.\nAdd a timeout value to this test to increase the timeout, if this is a long-running test. See https://jestjs.io/docs/api#testname-fn-timeout.\"\n    at it (C:\\Users\\rob\\Documents\\Software\\SaaS\\MapLeads\\MapLeads-Wv1\\__tests__\\auth-context.test.tsx:45:3)\n    at _dispatchDescribe (C:\\Users\\rob\\Documents\\Software\\SaaS\\MapLeads\\MapLeads-Wv1\\node_modules\\.pnpm\\jest-circus@29.7.0\\node_modules\\jest-circus\\build\\index.js:91:26)\n    at describe (C:\\Users\\rob\\Documents\\Software\\SaaS\\MapLeads\\MapLeads-Wv1\\node_modules\\.pnpm\\jest-circus@29.7.0\\node_modules\\jest-circus\\build\\index.js:55:5)\n    at Object.describe (C:\\Users\\rob\\Documents\\Software\\SaaS\\MapLeads\\MapLeads-Wv1\\__tests__\\auth-context.test.tsx:44:1)\n    at Runtime._execModule (C:\\Users\\rob\\Documents\\Software\\SaaS\\MapLeads\\MapLeads-Wv1\\node_modules\\.pnpm\\jest-runtime@29.7.0\\node_modules\\jest-runtime\\build\\index.js:1439:24)\n    at Runtime._loadModule (C:\\Users\\rob\\Documents\\Software\\SaaS\\MapLeads\\MapLeads-Wv1\\node_modules\\.pnpm\\jest-runtime@29.7.0\\node_modules\\jest-runtime\\build\\index.js:1022:12)\n    at Runtime.requireModule (C:\\Users\\rob\\Documents\\Software\\SaaS\\MapLeads\\MapLeads-Wv1\\node_modules\\.pnpm\\jest-runtime@29.7.0\\node_modules\\jest-runtime\\build\\index.js:882:12)\n    at jestAdapter (C:\\Users\\rob\\Documents\\Software\\SaaS\\MapLeads\\MapLeads-Wv1\\node_modules\\.pnpm\\jest-circus@29.7.0\\node_modules\\jest-circus\\build\\legacy-code-todo-rewrite\\jestAdapter.js:77:13)\n    at processTicksAndRejections (node:internal/process/task_queues:105:5)\n    at runTestInternal (C:\\Users\\rob\\Documents\\Software\\SaaS\\MapLeads\\MapLeads-Wv1\\node_modules\\.pnpm\\jest-runner@29.7.0\\node_modules\\jest-runner\\build\\runTest.js:367:16)\n    at runTest (C:\\Users\\rob\\Documents\\Software\\SaaS\\MapLeads\\MapLeads-Wv1\\node_modules\\.pnpm\\jest-runner@29.7.0\\node_modules\\jest-runner\\build\\runTest.js:444:34)\n    at Object.worker (C:\\Users\\rob\\Documents\\Software\\SaaS\\MapLeads\\MapLeads-Wv1\\node_modules\\.pnpm\\jest-runner@29.7.0\\node_modules\\jest-runner\\build\\testWorker.js:106:12)"],"fullName":"Auth Context should provide authentication methods","invocations":1,"location":null,"numPassingAsserts":0,"retryReasons":[],"status":"failed","title":"should provide authentication methods"}],"endTime":1743544930218,"message":"  ΓùÅ Auth Context ΓÇ║ should provide authentication methods\n\n    thrown: \"Exceeded timeout of 10000 ms for a test.\n    Add a timeout value to this test to increase the timeout, if this is a long-running test. See https://jestjs.io/docs/api#testname-fn-timeout.\"\n\n    \u001b[0m \u001b[90m 43 |\u001b[39m\n     \u001b[90m 44 |\u001b[39m describe(\u001b[32m'Auth Context'\u001b[39m\u001b[33m,\u001b[39m () \u001b[33m=>\u001b[39m {\n    \u001b[31m\u001b[1m>\u001b[22m\u001b[39m\u001b[90m 45 |\u001b[39m   it(\u001b[32m'should provide authentication methods'\u001b[39m\u001b[33m,\u001b[39m \u001b[36masync\u001b[39m () \u001b[33m=>\u001b[39m {\n     \u001b[90m    |\u001b[39m   \u001b[31m\u001b[1m^\u001b[22m\u001b[39m\n     \u001b[90m 46 |\u001b[39m     \u001b[36mconst\u001b[39m { result } \u001b[33m=\u001b[39m renderHook(() \u001b[33m=>\u001b[39m useAuth()\u001b[33m,\u001b[39m { wrapper })\u001b[33m;\u001b[39m\n     \u001b[90m 47 |\u001b[39m     \n     \u001b[90m 48 |\u001b[39m     \u001b[90m// Wait for initialization\u001b[39m\u001b[0m\n\n      at it (__tests__/auth-context.test.tsx:45:3)\n      at Object.describe (__tests__/auth-context.test.tsx:44:1)\n","name":"C:\\Users\\rob\\Documents\\Software\\SaaS\\MapLeads\\MapLeads-Wv1\\__tests__\\auth-context.test.tsx","startTime":1743544915655,"status":"failed","summary":""}],"wasInterrupted":false}
